  Processing .\ATLProject1.idl
  ATLProject1.idl
  Processing C:\Program Files (x86)\Windows Kits\10\Include\10.0.18362.0\um\oaidl.idl
  oaidl.idl
  Processing C:\Program Files (x86)\Windows Kits\10\Include\10.0.18362.0\um\objidl.idl
  objidl.idl
  Processing C:\Program Files (x86)\Windows Kits\10\Include\10.0.18362.0\um\unknwn.idl
  unknwn.idl
  Processing C:\Program Files (x86)\Windows Kits\10\Include\10.0.18362.0\shared\wtypes.idl
  wtypes.idl
  Processing C:\Program Files (x86)\Windows Kits\10\Include\10.0.18362.0\shared\wtypesbase.idl
  wtypesbase.idl
  Processing C:\Program Files (x86)\Windows Kits\10\Include\10.0.18362.0\shared\basetsd.h
  basetsd.h
  Processing C:\Program Files (x86)\Windows Kits\10\Include\10.0.18362.0\shared\guiddef.h
  guiddef.h
  Processing C:\Program Files (x86)\Windows Kits\10\Include\10.0.18362.0\um\ocidl.idl
  ocidl.idl
  Processing C:\Program Files (x86)\Windows Kits\10\Include\10.0.18362.0\um\oleidl.idl
  oleidl.idl
  Processing C:\Program Files (x86)\Windows Kits\10\Include\10.0.18362.0\um\servprov.idl
  servprov.idl
  Processing C:\Program Files (x86)\Windows Kits\10\Include\10.0.18362.0\um\urlmon.idl
  urlmon.idl
  Processing C:\Program Files (x86)\Windows Kits\10\Include\10.0.18362.0\um\msxml.idl
  msxml.idl
  Processing C:\Program Files (x86)\Windows Kits\10\Include\10.0.18362.0\um\shobjidl.idl
  shobjidl.idl
  Processing C:\Program Files (x86)\Windows Kits\10\Include\10.0.18362.0\um\docobj.idl
  docobj.idl
  Processing C:\Program Files (x86)\Windows Kits\10\Include\10.0.18362.0\um\shtypes.idl
  shtypes.idl
  Processing C:\Program Files (x86)\Windows Kits\10\Include\10.0.18362.0\um\comcat.idl
  comcat.idl
  Processing C:\Program Files (x86)\Windows Kits\10\Include\10.0.18362.0\um\propidl.idl
  propidl.idl
  Processing C:\Program Files (x86)\Windows Kits\10\Include\10.0.18362.0\um\prsht.idl
  prsht.idl
  Processing C:\Program Files (x86)\Windows Kits\10\Include\10.0.18362.0\um\propsys.idl
  propsys.idl
  Processing C:\Program Files (x86)\Windows Kits\10\Include\10.0.18362.0\um\StructuredQueryCondition.idl
  StructuredQueryCondition.idl
  Processing C:\Program Files (x86)\Windows Kits\10\Include\10.0.18362.0\um\ObjectArray.idl
  ObjectArray.idl
  Processing C:\Program Files (x86)\Windows Kits\10\Include\10.0.18362.0\um\shobjidl_core.idl
  shobjidl_core.idl
  Processing C:\Program Files (x86)\Windows Kits\10\Include\10.0.18362.0\um\oaidl.acf
  oaidl.acf
  Processing C:\Program Files (x86)\Windows Kits\10\Include\10.0.18362.0\um\ocidl.acf
  ocidl.acf
  pch.cpp
  ATLProject1.cpp
C:\Users\kusan\source\repos\ATLProject1\ATLProject1\functions.cpp.h(9,16): error C2059: syntax error: '.'
C:\Users\kusan\source\repos\ATLProject1\ATLProject1\functions.cpp.h(9,23): error C2059: syntax error: 'public'
C:\Users\kusan\source\repos\ATLProject1\ATLProject1\functions.cpp.h(10,1): error C2143: syntax error: missing ';' before '{'
C:\Users\kusan\source\repos\ATLProject1\ATLProject1\functions.cpp.h(10,1): error C2447: '{': missing function header (old-style formal list?)
C:\Users\kusan\source\repos\ATLProject1\ATLProject1\PreviewHandler.h(75,1): error C2059: syntax error: '.'
C:\Users\kusan\source\repos\ATLProject1\ATLProject1\PreviewHandler.h(76,3): error C2065: 'pDocument': undeclared identifier
C:\Users\kusan\source\repos\ATLProject1\ATLProject1\PreviewHandler.h(76,1): error C2027: use of undefined type 'functions'
C:\Users\kusan\source\repos\ATLProject1\ATLProject1\functions.cpp.h(9): message : see declaration of 'functions'
C:\Users\kusan\source\repos\ATLProject1\ATLProject1\PreviewHandler.h(76,3): error C2143: syntax error: missing ';' before '.'
C:\Users\kusan\source\repos\ATLProject1\ATLProject1\PreviewHandler.h(76,1): error C2059: syntax error: '.'
C:\Users\kusan\source\repos\ATLProject1\ATLProject1\PreviewHandler.h(77,10): error C2065: 'pDocument': undeclared identifier
  functions.cpp.cpp
C:\Users\kusan\source\repos\ATLProject1\ATLProject1\functions.cpp.h(9,16): error C2059: syntax error: '.'
C:\Users\kusan\source\repos\ATLProject1\ATLProject1\functions.cpp.h(9,23): error C2059: syntax error: 'public'
C:\Users\kusan\source\repos\ATLProject1\ATLProject1\functions.cpp.h(10,1): error C2143: syntax error: missing ';' before '{'
C:\Users\kusan\source\repos\ATLProject1\ATLProject1\functions.cpp.h(10,1): error C2447: '{': missing function header (old-style formal list?)
C:\Users\kusan\source\repos\ATLProject1\ATLProject1\functions.cpp.cpp(8,18): error C3927: '->': trailing return type is not allowed after a non-function declarator
C:\Users\kusan\source\repos\ATLProject1\ATLProject1\functions.cpp.cpp(8,18): error C3484: syntax error: expected '->' before the return type
C:\Users\kusan\source\repos\ATLProject1\ATLProject1\functions.cpp.cpp(8,19): error C2653: 'cpp': is not a class or namespace name
C:\Users\kusan\source\repos\ATLProject1\ATLProject1\functions.cpp.cpp(8,38): error C3613: missing return type after '->' ('int' assumed)
C:\Users\kusan\source\repos\ATLProject1\ATLProject1\functions.cpp.cpp(8,24): error C2146: syntax error: missing ';' before identifier 'LoadFromStream'
C:\Users\kusan\source\repos\ATLProject1\ATLProject1\functions.cpp.cpp(9,1): error C4430: missing type specifier - int assumed. Note: C++ does not support default-int
C:\Users\kusan\source\repos\ATLProject1\ATLProject1\functions.cpp.cpp(16,15): error C3927: '->': trailing return type is not allowed after a non-function declarator
C:\Users\kusan\source\repos\ATLProject1\ATLProject1\functions.cpp.cpp(16,15): error C3484: syntax error: expected '->' before the return type
C:\Users\kusan\source\repos\ATLProject1\ATLProject1\functions.cpp.cpp(16,16): error C2653: 'cpp': is not a class or namespace name
C:\Users\kusan\source\repos\ATLProject1\ATLProject1\functions.cpp.cpp(16,44): error C3613: missing return type after '->' ('int' assumed)
C:\Users\kusan\source\repos\ATLProject1\ATLProject1\functions.cpp.cpp(16,44): error C2182: 'functions': illegal use of type 'void'
C:\Users\kusan\source\repos\ATLProject1\ATLProject1\functions.cpp.cpp(16,6): error C2371: 'functions': redefinition; different basic types
C:\Users\kusan\source\repos\ATLProject1\ATLProject1\functions.cpp.cpp(8): message : see declaration of 'functions'
C:\Users\kusan\source\repos\ATLProject1\ATLProject1\functions.cpp.cpp(16,21): error C2146: syntax error: missing ';' before identifier 'InitializeSearchContent'
C:\Users\kusan\source\repos\ATLProject1\ATLProject1\functions.cpp.cpp(17,1): error C4430: missing type specifier - int assumed. Note: C++ does not support default-int
C:\Users\kusan\source\repos\ATLProject1\ATLProject1\functions.cpp.cpp(20,2): error C3861: 'SetSearchContent': identifier not found
C:\Users\kusan\source\repos\ATLProject1\ATLProject1\functions.cpp.cpp(21,1): warning C4508: 'InitializeSearchContent': function should return a value; 'void' return type assumed
C:\Users\kusan\source\repos\ATLProject1\ATLProject1\functions.cpp.cpp(23,15): error C3927: '->': trailing return type is not allowed after a non-function declarator
C:\Users\kusan\source\repos\ATLProject1\ATLProject1\functions.cpp.cpp(23,15): error C3484: syntax error: expected '->' before the return type
C:\Users\kusan\source\repos\ATLProject1\ATLProject1\functions.cpp.cpp(23,16): error C2653: 'cpp': is not a class or namespace name
C:\Users\kusan\source\repos\ATLProject1\ATLProject1\functions.cpp.cpp(23,37): error C3613: missing return type after '->' ('int' assumed)
C:\Users\kusan\source\repos\ATLProject1\ATLProject1\functions.cpp.cpp(23,37): error C2182: 'functions': illegal use of type 'void'
C:\Users\kusan\source\repos\ATLProject1\ATLProject1\functions.cpp.cpp(23,6): error C2371: 'functions': redefinition; different basic types
C:\Users\kusan\source\repos\ATLProject1\ATLProject1\functions.cpp.cpp(8): message : see declaration of 'functions'
C:\Users\kusan\source\repos\ATLProject1\ATLProject1\functions.cpp.cpp(23,21): error C2146: syntax error: missing ';' before identifier 'SetSearchContent'
C:\Users\kusan\source\repos\ATLProject1\ATLProject1\functions.cpp.cpp(24,1): error C4430: missing type specifier - int assumed. Note: C++ does not support default-int
C:\Users\kusan\source\repos\ATLProject1\ATLProject1\functions.cpp.cpp(28,3): error C3861: 'RemoveChunk': identifier not found
C:\Users\kusan\source\repos\ATLProject1\ATLProject1\functions.cpp.cpp(37,4): error C3861: 'SetChunkValue': identifier not found
C:\Users\kusan\source\repos\ATLProject1\ATLProject1\functions.cpp.cpp(40,1): warning C4508: 'SetSearchContent': function should return a value; 'void' return type assumed
C:\Users\kusan\source\repos\ATLProject1\ATLProject1\functions.cpp.cpp(42,15): error C3927: '->': trailing return type is not allowed after a non-function declarator
C:\Users\kusan\source\repos\ATLProject1\ATLProject1\functions.cpp.cpp(42,15): error C3484: syntax error: expected '->' before the return type
C:\Users\kusan\source\repos\ATLProject1\ATLProject1\functions.cpp.cpp(42,16): error C2653: 'cpp': is not a class or namespace name
C:\Users\kusan\source\repos\ATLProject1\ATLProject1\functions.cpp.cpp(42,36): error C3613: missing return type after '->' ('int' assumed)
C:\Users\kusan\source\repos\ATLProject1\ATLProject1\functions.cpp.cpp(42,36): error C2182: 'functions': illegal use of type 'void'
C:\Users\kusan\source\repos\ATLProject1\ATLProject1\functions.cpp.cpp(42,6): error C2371: 'functions': redefinition; different basic types
C:\Users\kusan\source\repos\ATLProject1\ATLProject1\functions.cpp.cpp(8): message : see declaration of 'functions'
C:\Users\kusan\source\repos\ATLProject1\ATLProject1\functions.cpp.cpp(42,21): error C2146: syntax error: missing ';' before identifier 'OnDrawThumbnail'
C:\Users\kusan\source\repos\ATLProject1\ATLProject1\functions.cpp.cpp(43,1): error C4430: missing type specifier - int assumed. Note: C++ does not support default-int
C:\Users\kusan\source\repos\ATLProject1\ATLProject1\functions.cpp.cpp(64,1): warning C4508: 'OnDrawThumbnail': function should return a value; 'void' return type assumed
  Generating Code...
